<?xml version="1.0" encoding="UTF-8"?>
<testng-results skipped="0" failed="0" ignored="0" total="1" passed="1">
  <reporter-output>
  </reporter-output>
  <suite name="Default suite" duration-ms="40938" started-at="2019-04-18T15:15:14Z" finished-at="2019-04-18T15:15:55Z">
    <groups>
    </groups>
    <test name="Default test" duration-ms="40938" started-at="2019-04-18T15:15:14Z" finished-at="2019-04-18T15:15:55Z">
      <class name="peugeot.TestdeTests">
        <test-method status="PASS" signature="BeforeTest()[pri:0, instance:peugeot.TestdeTests@670b40af]" name="BeforeTest" is-config="true" duration-ms="5438" started-at="2019-04-18T15:15:08Z" finished-at="2019-04-18T15:15:14Z">
          <reporter-output>
          </reporter-output>
        </test-method> <!-- BeforeTest -->
        <test-method status="PASS" signature="TestGearBoxesListNbVHChanges()[pri:0, instance:peugeot.TestdeTests@670b40af]" name="TestGearBoxesListNbVHChanges" duration-ms="40901" started-at="2019-04-18T15:15:14Z" finished-at="2019-04-18T15:15:55Z">
          <reporter-output>
          </reporter-output>
        </test-method> <!-- TestGearBoxesListNbVHChanges -->
      </class> <!-- peugeot.TestdeTests -->
    </test> <!-- Default test -->
  </suite> <!-- Default suite -->
</testng-results>
